{
  "files": {
    "raindropio_mcp/__main__.py": {
      "classes": {
        "": {
          "excluded_lines": [
            138,
            139
          ],
          "executed_branches": [],
          "executed_lines": [],
          "missing_branches": [],
          "missing_lines": [
            4,
            6,
            7,
            8,
            9,
            12,
            15,
            20,
            23,
            24,
            25,
            27,
            28,
            29,
            32,
            35,
            44,
            45,
            49,
            50,
            54,
            55,
            59,
            78,
            86,
            112,
            116,
            123,
            127,
            135
          ],
          "start_line": 1,
          "summary": {
            "covered_branches": 0,
            "covered_lines": 0,
            "excluded_lines": 2,
            "missing_branches": 0,
            "missing_lines": 30,
            "num_branches": 0,
            "num_partial_branches": 0,
            "num_statements": 30,
            "percent_branches_covered": 100.0,
            "percent_branches_covered_display": "100",
            "percent_covered": 0.0,
            "percent_covered_display": "0",
            "percent_statements_covered": 0.0,
            "percent_statements_covered_display": "0"
          }
        },
        "RaindropConfig": {
          "excluded_lines": [],
          "executed_branches": [],
          "executed_lines": [],
          "missing_branches": [],
          "missing_lines": [],
          "start_line": 20,
          "summary": {
            "covered_branches": 0,
            "covered_lines": 0,
            "excluded_lines": 0,
            "missing_branches": 0,
            "missing_lines": 0,
            "num_branches": 0,
            "num_partial_branches": 0,
            "num_statements": 0,
            "percent_branches_covered": 100.0,
            "percent_branches_covered_display": "100",
            "percent_covered": 100.0,
            "percent_covered_display": "100",
            "percent_statements_covered": 100.0,
            "percent_statements_covered_display": "100"
          }
        },
        "RaindropConfig.Config": {
          "excluded_lines": [],
          "executed_branches": [],
          "executed_lines": [],
          "missing_branches": [],
          "missing_lines": [],
          "start_line": 27,
          "summary": {
            "covered_branches": 0,
            "covered_lines": 0,
            "excluded_lines": 0,
            "missing_branches": 0,
            "missing_lines": 0,
            "num_branches": 0,
            "num_partial_branches": 0,
            "num_statements": 0,
            "percent_branches_covered": 100.0,
            "percent_branches_covered_display": "100",
            "percent_covered": 100.0,
            "percent_covered_display": "100",
            "percent_statements_covered": 100.0,
            "percent_statements_covered_display": "100"
          }
        },
        "RaindropMCPServer": {
          "excluded_lines": [],
          "executed_branches": [],
          "executed_lines": [],
          "missing_branches": [],
          "missing_lines": [
            36,
            37,
            40,
            47,
            52,
            57,
            63,
            66,
            69,
            81,
            84,
            89,
            92,
            93,
            96,
            110,
            114,
            118,
            120
          ],
          "start_line": 32,
          "summary": {
            "covered_branches": 0,
            "covered_lines": 0,
            "excluded_lines": 0,
            "missing_branches": 0,
            "missing_lines": 19,
            "num_branches": 0,
            "num_partial_branches": 0,
            "num_statements": 19,
            "percent_branches_covered": 100.0,
            "percent_branches_covered_display": "100",
            "percent_covered": 0.0,
            "percent_covered_display": "0",
            "percent_statements_covered": 0.0,
            "percent_statements_covered_display": "0"
          }
        }
      },
      "excluded_lines": [
        138,
        139
      ],
      "executed_branches": [],
      "executed_lines": [],
      "functions": {
        "": {
          "excluded_lines": [
            138,
            139
          ],
          "executed_branches": [],
          "executed_lines": [],
          "missing_branches": [],
          "missing_lines": [
            4,
            6,
            7,
            8,
            9,
            12,
            15,
            20,
            23,
            24,
            25,
            27,
            28,
            29,
            32,
            35,
            44,
            45,
            49,
            50,
            54,
            55,
            59,
            78,
            86,
            112,
            116,
            123
          ],
          "start_line": 1,
          "summary": {
            "covered_branches": 0,
            "covered_lines": 0,
            "excluded_lines": 2,
            "missing_branches": 0,
            "missing_lines": 28,
            "num_branches": 0,
            "num_partial_branches": 0,
            "num_statements": 28,
            "percent_branches_covered": 100.0,
            "percent_branches_covered_display": "100",
            "percent_covered": 0.0,
            "percent_covered_display": "0",
            "percent_statements_covered": 0.0,
            "percent_statements_covered_display": "0"
          }
        },
        "RaindropMCPServer.__init__": {
          "excluded_lines": [],
          "executed_branches": [],
          "executed_lines": [],
          "missing_branches": [],
          "missing_lines": [
            36,
            37,
            40
          ],
          "start_line": 35,
          "summary": {
            "covered_branches": 0,
            "covered_lines": 0,
            "excluded_lines": 0,
            "missing_branches": 0,
            "missing_lines": 3,
            "num_branches": 0,
            "num_partial_branches": 0,
            "num_statements": 3,
            "percent_branches_covered": 100.0,
            "percent_branches_covered_display": "100",
            "percent_covered": 0.0,
            "percent_covered_display": "0",
            "percent_statements_covered": 0.0,
            "percent_statements_covered_display": "0"
          }
        },
        "RaindropMCPServer._get_timestamp": {
          "excluded_lines": [],
          "executed_branches": [],
          "executed_lines": [],
          "missing_branches": [],
          "missing_lines": [
            118,
            120
          ],
          "start_line": 116,
          "summary": {
            "covered_branches": 0,
            "covered_lines": 0,
            "excluded_lines": 0,
            "missing_branches": 0,
            "missing_lines": 2,
            "num_branches": 0,
            "num_partial_branches": 0,
            "num_statements": 2,
            "percent_branches_covered": 100.0,
            "percent_branches_covered_display": "100",
            "percent_covered": 0.0,
            "percent_covered_display": "0",
            "percent_statements_covered": 0.0,
            "percent_statements_covered_display": "0"
          }
        },
        "RaindropMCPServer.cache_manager": {
          "excluded_lines": [],
          "executed_branches": [],
          "executed_lines": [],
          "missing_branches": [],
          "missing_lines": [
            52
          ],
          "start_line": 50,
          "summary": {
            "covered_branches": 0,
            "covered_lines": 0,
            "excluded_lines": 0,
            "missing_branches": 0,
            "missing_lines": 1,
            "num_branches": 0,
            "num_partial_branches": 0,
            "num_statements": 1,
            "percent_branches_covered": 100.0,
            "percent_branches_covered_display": "100",
            "percent_covered": 0.0,
            "percent_covered_display": "0",
            "percent_statements_covered": 0.0,
            "percent_statements_covered_display": "0"
          }
        },
        "RaindropMCPServer.get_app": {
          "excluded_lines": [],
          "executed_branches": [],
          "executed_lines": [],
          "missing_branches": [],
          "missing_lines": [
            114
          ],
          "start_line": 112,
          "summary": {
            "covered_branches": 0,
            "covered_lines": 0,
            "excluded_lines": 0,
            "missing_branches": 0,
            "missing_lines": 1,
            "num_branches": 0,
            "num_partial_branches": 0,
            "num_statements": 1,
            "percent_branches_covered": 100.0,
            "percent_branches_covered_display": "100",
            "percent_covered": 0.0,
            "percent_covered_display": "0",
            "percent_statements_covered": 0.0,
            "percent_statements_covered_display": "0"
          }
        },
        "RaindropMCPServer.health_check": {
          "excluded_lines": [],
          "executed_branches": [],
          "executed_lines": [],
          "missing_branches": [],
          "missing_lines": [
            89,
            92,
            93,
            96,
            110
          ],
          "start_line": 86,
          "summary": {
            "covered_branches": 0,
            "covered_lines": 0,
            "excluded_lines": 0,
            "missing_branches": 0,
            "missing_lines": 5,
            "num_branches": 0,
            "num_partial_branches": 0,
            "num_statements": 5,
            "percent_branches_covered": 100.0,
            "percent_branches_covered_display": "100",
            "percent_covered": 0.0,
            "percent_covered_display": "0",
            "percent_statements_covered": 0.0,
            "percent_statements_covered_display": "0"
          }
        },
        "RaindropMCPServer.health_monitor": {
          "excluded_lines": [],
          "executed_branches": [],
          "executed_lines": [],
          "missing_branches": [],
          "missing_lines": [
            57
          ],
          "start_line": 55,
          "summary": {
            "covered_branches": 0,
            "covered_lines": 0,
            "excluded_lines": 0,
            "missing_branches": 0,
            "missing_lines": 1,
            "num_branches": 0,
            "num_partial_branches": 0,
            "num_statements": 1,
            "percent_branches_covered": 100.0,
            "percent_branches_covered_display": "100",
            "percent_covered": 0.0,
            "percent_covered_display": "0",
            "percent_statements_covered": 0.0,
            "percent_statements_covered_display": "0"
          }
        },
        "RaindropMCPServer.shutdown": {
          "excluded_lines": [],
          "executed_branches": [],
          "executed_lines": [],
          "missing_branches": [],
          "missing_lines": [
            81,
            84
          ],
          "start_line": 78,
          "summary": {
            "covered_branches": 0,
            "covered_lines": 0,
            "excluded_lines": 0,
            "missing_branches": 0,
            "missing_lines": 2,
            "num_branches": 0,
            "num_partial_branches": 0,
            "num_statements": 2,
            "percent_branches_covered": 100.0,
            "percent_branches_covered_display": "100",
            "percent_covered": 0.0,
            "percent_covered_display": "0",
            "percent_statements_covered": 0.0,
            "percent_statements_covered_display": "0"
          }
        },
        "RaindropMCPServer.snapshot_manager": {
          "excluded_lines": [],
          "executed_branches": [],
          "executed_lines": [],
          "missing_branches": [],
          "missing_lines": [
            47
          ],
          "start_line": 45,
          "summary": {
            "covered_branches": 0,
            "covered_lines": 0,
            "excluded_lines": 0,
            "missing_branches": 0,
            "missing_lines": 1,
            "num_branches": 0,
            "num_partial_branches": 0,
            "num_statements": 1,
            "percent_branches_covered": 100.0,
            "percent_branches_covered_display": "100",
            "percent_covered": 0.0,
            "percent_covered_display": "0",
            "percent_statements_covered": 0.0,
            "percent_statements_covered_display": "0"
          }
        },
        "RaindropMCPServer.startup": {
          "excluded_lines": [],
          "executed_branches": [],
          "executed_lines": [],
          "missing_branches": [],
          "missing_lines": [
            63,
            66,
            69
          ],
          "start_line": 59,
          "summary": {
            "covered_branches": 0,
            "covered_lines": 0,
            "excluded_lines": 0,
            "missing_branches": 0,
            "missing_lines": 3,
            "num_branches": 0,
            "num_partial_branches": 0,
            "num_statements": 3,
            "percent_branches_covered": 100.0,
            "percent_branches_covered_display": "100",
            "percent_covered": 0.0,
            "percent_covered_display": "0",
            "percent_statements_covered": 0.0,
            "percent_statements_covered_display": "0"
          }
        },
        "main": {
          "excluded_lines": [],
          "executed_branches": [],
          "executed_lines": [],
          "missing_branches": [],
          "missing_lines": [
            127,
            135
          ],
          "start_line": 123,
          "summary": {
            "covered_branches": 0,
            "covered_lines": 0,
            "excluded_lines": 0,
            "missing_branches": 0,
            "missing_lines": 2,
            "num_branches": 0,
            "num_partial_branches": 0,
            "num_statements": 2,
            "percent_branches_covered": 100.0,
            "percent_branches_covered_display": "100",
            "percent_covered": 0.0,
            "percent_covered_display": "0",
            "percent_statements_covered": 0.0,
            "percent_statements_covered_display": "0"
          }
        }
      },
      "missing_branches": [],
      "missing_lines": [
        4,
        6,
        7,
        8,
        9,
        12,
        15,
        20,
        23,
        24,
        25,
        27,
        28,
        29,
        32,
        35,
        36,
        37,
        40,
        44,
        45,
        47,
        49,
        50,
        52,
        54,
        55,
        57,
        59,
        63,
        66,
        69,
        78,
        81,
        84,
        86,
        89,
        92,
        93,
        96,
        110,
        112,
        114,
        116,
        118,
        120,
        123,
        127,
        135
      ],
      "summary": {
        "covered_branches": 0,
        "covered_lines": 0,
        "excluded_lines": 2,
        "missing_branches": 0,
        "missing_lines": 49,
        "num_branches": 0,
        "num_partial_branches": 0,
        "num_statements": 49,
        "percent_branches_covered": 100.0,
        "percent_branches_covered_display": "100",
        "percent_covered": 0.0,
        "percent_covered_display": "0",
        "percent_statements_covered": 0.0,
        "percent_statements_covered_display": "0"
      }
    },
    "raindropio_mcp/auth/token_provider.py": {
      "classes": {
        "": {
          "excluded_lines": [],
          "executed_branches": [],
          "executed_lines": [],
          "missing_branches": [],
          "missing_lines": [
            3,
            5,
            7,
            10,
            11,
            14,
            15,
            17,
            22,
            25,
            29
          ],
          "start_line": 1,
          "summary": {
            "covered_branches": 0,
            "covered_lines": 0,
            "excluded_lines": 0,
            "missing_branches": 0,
            "missing_lines": 11,
            "num_branches": 0,
            "num_partial_branches": 0,
            "num_statements": 11,
            "percent_branches_covered": 100.0,
            "percent_branches_covered_display": "100",
            "percent_covered": 0.0,
            "percent_covered_display": "0",
            "percent_statements_covered": 0.0,
            "percent_statements_covered_display": "0"
          }
        },
        "BearerTokenProvider": {
          "excluded_lines": [],
          "executed_branches": [],
          "executed_lines": [],
          "missing_branches": [
            [
              18,
              19
            ],
            [
              18,
              20
            ]
          ],
          "missing_lines": [
            18,
            19,
            20,
            23,
            26
          ],
          "start_line": 11,
          "summary": {
            "covered_branches": 0,
            "covered_lines": 0,
            "excluded_lines": 0,
            "missing_branches": 2,
            "missing_lines": 5,
            "num_branches": 2,
            "num_partial_branches": 0,
            "num_statements": 5,
            "percent_branches_covered": 0.0,
            "percent_branches_covered_display": "0",
            "percent_covered": 0.0,
            "percent_covered_display": "0",
            "percent_statements_covered": 0.0,
            "percent_statements_covered_display": "0"
          }
        }
      },
      "excluded_lines": [],
      "executed_branches": [],
      "executed_lines": [],
      "functions": {
        "": {
          "excluded_lines": [],
          "executed_branches": [],
          "executed_lines": [],
          "missing_branches": [],
          "missing_lines": [
            3,
            5,
            7,
            10,
            11,
            14,
            15,
            17,
            22,
            25,
            29
          ],
          "start_line": 1,
          "summary": {
            "covered_branches": 0,
            "covered_lines": 0,
            "excluded_lines": 0,
            "missing_branches": 0,
            "missing_lines": 11,
            "num_branches": 0,
            "num_partial_branches": 0,
            "num_statements": 11,
            "percent_branches_covered": 100.0,
            "percent_branches_covered_display": "100",
            "percent_covered": 0.0,
            "percent_covered_display": "0",
            "percent_statements_covered": 0.0,
            "percent_statements_covered_display": "0"
          }
        },
        "BearerTokenProvider.__post_init__": {
          "excluded_lines": [],
          "executed_branches": [],
          "executed_lines": [],
          "missing_branches": [
            [
              18,
              19
            ],
            [
              18,
              20
            ]
          ],
          "missing_lines": [
            18,
            19,
            20
          ],
          "start_line": 17,
          "summary": {
            "covered_branches": 0,
            "covered_lines": 0,
            "excluded_lines": 0,
            "missing_branches": 2,
            "missing_lines": 3,
            "num_branches": 2,
            "num_partial_branches": 0,
            "num_statements": 3,
            "percent_branches_covered": 0.0,
            "percent_branches_covered_display": "0",
            "percent_covered": 0.0,
            "percent_covered_display": "0",
            "percent_statements_covered": 0.0,
            "percent_statements_covered_display": "0"
          }
        },
        "BearerTokenProvider.authorization_header": {
          "excluded_lines": [],
          "executed_branches": [],
          "executed_lines": [],
          "missing_branches": [],
          "missing_lines": [
            23
          ],
          "start_line": 22,
          "summary": {
            "covered_branches": 0,
            "covered_lines": 0,
            "excluded_lines": 0,
            "missing_branches": 0,
            "missing_lines": 1,
            "num_branches": 0,
            "num_partial_branches": 0,
            "num_statements": 1,
            "percent_branches_covered": 100.0,
            "percent_branches_covered_display": "100",
            "percent_covered": 0.0,
            "percent_covered_display": "0",
            "percent_statements_covered": 0.0,
            "percent_statements_covered_display": "0"
          }
        },
        "BearerTokenProvider.headers": {
          "excluded_lines": [],
          "executed_branches": [],
          "executed_lines": [],
          "missing_branches": [],
          "missing_lines": [
            26
          ],
          "start_line": 25,
          "summary": {
            "covered_branches": 0,
            "covered_lines": 0,
            "excluded_lines": 0,
            "missing_branches": 0,
            "missing_lines": 1,
            "num_branches": 0,
            "num_partial_branches": 0,
            "num_statements": 1,
            "percent_branches_covered": 100.0,
            "percent_branches_covered_display": "100",
            "percent_covered": 0.0,
            "percent_covered_display": "0",
            "percent_statements_covered": 0.0,
            "percent_statements_covered_display": "0"
          }
        }
      },
      "missing_branches": [
        [
          18,
          19
        ],
        [
          18,
          20
        ]
      ],
      "missing_lines": [
        3,
        5,
        7,
        10,
        11,
        14,
        15,
        17,
        18,
        19,
        20,
        22,
        23,
        25,
        26,
        29
      ],
      "summary": {
        "covered_branches": 0,
        "covered_lines": 0,
        "excluded_lines": 0,
        "missing_branches": 2,
        "missing_lines": 16,
        "num_branches": 2,
        "num_partial_branches": 0,
        "num_statements": 16,
        "percent_branches_covered": 0.0,
        "percent_branches_covered_display": "0",
        "percent_covered": 0.0,
        "percent_covered_display": "0",
        "percent_statements_covered": 0.0,
        "percent_statements_covered_display": "0"
      }
    },
    "raindropio_mcp/clients/base_client.py": {
      "classes": {
        "": {
          "excluded_lines": [
            21,
            22,
            59,
            62
          ],
          "executed_branches": [],
          "executed_lines": [],
          "missing_branches": [],
          "missing_lines": [
            3,
            5,
            6,
            7,
            8,
            9,
            10,
            12,
            14,
            24,
            26,
            27,
            30,
            31,
            34,
            35,
            36,
            37,
            38,
            41,
            44,
            56,
            65,
            109,
            144,
            179,
            216,
            222,
            269
          ],
          "start_line": 1,
          "summary": {
            "covered_branches": 0,
            "covered_lines": 0,
            "excluded_lines": 4,
            "missing_branches": 0,
            "missing_lines": 29,
            "num_branches": 0,
            "num_partial_branches": 0,
            "num_statements": 29,
            "percent_branches_covered": 100.0,
            "percent_branches_covered_display": "100",
            "percent_covered": 0.0,
            "percent_covered_display": "0",
            "percent_statements_covered": 0.0,
            "percent_statements_covered_display": "0"
          }
        },
        "BaseHTTPClient": {
          "excluded_lines": [
            60,
            63,
            92,
            93,
            209,
            210
          ],
          "executed_branches": [],
          "executed_lines": [],
          "missing_branches": [
            [
              84,
              85
            ],
            [
              84,
              89
            ],
            [
              89,
              90
            ],
            [
              89,
              96
            ],
            [
              99,
              100
            ],
            [
              99,
              104
            ],
            [
              104,
              105
            ],
            [
              104,
              107
            ],
            [
              134,
              135
            ],
            [
              134,
              136
            ],
            [
              139,
              140
            ],
            [
              139,
              141
            ],
            [
              161,
              162
            ],
            [
              161,
              169
            ],
            [
              163,
              164
            ],
            [
              163,
              166
            ],
            [
              169,
              170
            ],
            [
              169,
              173
            ],
            [
              174,
              175
            ],
            [
              174,
              177
            ],
            [
              202,
              203
            ],
            [
              202,
              208
            ],
            [
              233,
              234
            ],
            [
              233,
              238
            ],
            [
              238,
              239
            ],
            [
              238,
              245
            ],
            [
              245,
              246
            ],
            [
              245,
              252
            ],
            [
              252,
              253
            ],
            [
              252,
              260
            ]
          ],
          "missing_lines": [
            50,
            51,
            52,
            53,
            54,
            57,
            76,
            77,
            78,
            80,
            81,
            84,
            85,
            86,
            89,
            90,
            91,
            96,
            99,
            100,
            101,
            104,
            105,
            107,
            124,
            125,
            133,
            134,
            135,
            136,
            137,
            138,
            139,
            140,
            141,
            142,
            161,
            162,
            163,
            164,
            165,
            166,
            169,
            170,
            173,
            174,
            175,
            176,
            177,
            190,
            200,
            201,
            202,
            203,
            208,
            217,
            218,
            223,
            224,
            228,
            229,
            230,
            231,
            233,
            234,
            238,
            239,
            245,
            246,
            252,
            253,
            254,
            260
          ],
          "start_line": 41,
          "summary": {
            "covered_branches": 0,
            "covered_lines": 0,
            "excluded_lines": 6,
            "missing_branches": 30,
            "missing_lines": 73,
            "num_branches": 30,
            "num_partial_branches": 0,
            "num_statements": 73,
            "percent_branches_covered": 0.0,
            "percent_branches_covered_display": "0",
            "percent_covered": 0.0,
            "percent_covered_display": "0",
            "percent_statements_covered": 0.0,
            "percent_statements_covered_display": "0"
          }
        },
        "RequestMetrics": {
          "excluded_lines": [],
          "executed_branches": [],
          "executed_lines": [],
          "missing_branches": [],
          "missing_lines": [],
          "start_line": 31,
          "summary": {
            "covered_branches": 0,
            "covered_lines": 0,
            "excluded_lines": 0,
            "missing_branches": 0,
            "missing_lines": 0,
            "num_branches": 0,
            "num_partial_branches": 0,
            "num_statements": 0,
            "percent_branches_covered": 100.0,
            "percent_branches_covered_display": "100",
            "percent_covered": 100.0,
            "percent_covered_display": "100",
            "percent_statements_covered": 100.0,
            "percent_statements_covered_display": "100"
          }
        }
      },
      "excluded_lines": [
        21,
        22,
        59,
        60,
        62,
        63,
        92,
        93,
        209,
        210
      ],
      "executed_branches": [],
      "executed_lines": [],
      "functions": {
        "": {
          "excluded_lines": [
            21,
            22,
            59,
            62
          ],
          "executed_branches": [],
          "executed_lines": [],
          "missing_branches": [],
          "missing_lines": [
            3,
            5,
            6,
            7,
            8,
            9,
            10,
            12,
            14,
            24,
            26,
            27,
            30,
            31,
            34,
            35,
            36,
            37,
            38,
            41,
            44,
            56,
            65,
            109,
            144,
            179,
            216,
            222,
            269
          ],
          "start_line": 1,
          "summary": {
            "covered_branches": 0,
            "covered_lines": 0,
            "excluded_lines": 4,
            "missing_branches": 0,
            "missing_lines": 29,
            "num_branches": 0,
            "num_partial_branches": 0,
            "num_statements": 29,
            "percent_branches_covered": 100.0,
            "percent_branches_covered_display": "100",
            "percent_covered": 0.0,
            "percent_covered_display": "0",
            "percent_statements_covered": 0.0,
            "percent_statements_covered_display": "0"
          }
        },
        "BaseHTTPClient.__aenter__": {
          "excluded_lines": [
            60
          ],
          "executed_branches": [],
          "executed_lines": [],
          "missing_branches": [],
          "missing_lines": [],
          "start_line": 59,
          "summary": {
            "covered_branches": 0,
            "covered_lines": 0,
            "excluded_lines": 1,
            "missing_branches": 0,
            "missing_lines": 0,
            "num_branches": 0,
            "num_partial_branches": 0,
            "num_statements": 0,
            "percent_branches_covered": 100.0,
            "percent_branches_covered_display": "100",
            "percent_covered": 100.0,
            "percent_covered_display": "100",
            "percent_statements_covered": 100.0,
            "percent_statements_covered_display": "100"
          }
        },
        "BaseHTTPClient.__aexit__": {
          "excluded_lines": [
            63
          ],
          "executed_branches": [],
          "executed_lines": [],
          "missing_branches": [],
          "missing_lines": [],
          "start_line": 62,
          "summary": {
            "covered_branches": 0,
            "covered_lines": 0,
            "excluded_lines": 1,
            "missing_branches": 0,
            "missing_lines": 0,
            "num_branches": 0,
            "num_partial_branches": 0,
            "num_statements": 0,
            "percent_branches_covered": 100.0,
            "percent_branches_covered_display": "100",
            "percent_covered": 100.0,
            "percent_covered_display": "100",
            "percent_statements_covered": 100.0,
            "percent_statements_covered_display": "100"
          }
        },
        "BaseHTTPClient.__init__": {
          "excluded_lines": [],
          "executed_branches": [],
          "executed_lines": [],
          "missing_branches": [],
          "missing_lines": [
            50,
            51,
            52,
            53,
            54
          ],
          "start_line": 44,
          "summary": {
            "covered_branches": 0,
            "covered_lines": 0,
            "excluded_lines": 0,
            "missing_branches": 0,
            "missing_lines": 5,
            "num_branches": 0,
            "num_partial_branches": 0,
            "num_statements": 5,
            "percent_branches_covered": 100.0,
            "percent_branches_covered_display": "100",
            "percent_covered": 0.0,
            "percent_covered_display": "0",
            "percent_statements_covered": 0.0,
            "percent_statements_covered_display": "0"
          }
        },
        "BaseHTTPClient._handle_status_logic": {
          "excluded_lines": [],
          "executed_branches": [],
          "executed_lines": [],
          "missing_branches": [
            [
              161,
              162
            ],
            [
              161,
              169
            ],
            [
              163,
              164
            ],
            [
              163,
              166
            ],
            [
              169,
              170
            ],
            [
              169,
              173
            ],
            [
              174,
              175
            ],
            [
              174,
              177
            ]
          ],
          "missing_lines": [
            161,
            162,
            163,
            164,
            165,
            166,
            169,
            170,
            173,
            174,
            175,
            176,
            177
          ],
          "start_line": 144,
          "summary": {
            "covered_branches": 0,
            "covered_lines": 0,
            "excluded_lines": 0,
            "missing_branches": 8,
            "missing_lines": 13,
            "num_branches": 8,
            "num_partial_branches": 0,
            "num_statements": 13,
            "percent_branches_covered": 0.0,
            "percent_branches_covered_display": "0",
            "percent_covered": 0.0,
            "percent_covered_display": "0",
            "percent_statements_covered": 0.0,
            "percent_statements_covered_display": "0"
          }
        },
        "BaseHTTPClient._make_request_with_retry": {
          "excluded_lines": [],
          "executed_branches": [],
          "executed_lines": [],
          "missing_branches": [
            [
              134,
              135
            ],
            [
              134,
              136
            ],
            [
              139,
              140
            ],
            [
              139,
              141
            ]
          ],
          "missing_lines": [
            124,
            125,
            133,
            134,
            135,
            136,
            137,
            138,
            139,
            140,
            141,
            142
          ],
          "start_line": 109,
          "summary": {
            "covered_branches": 0,
            "covered_lines": 0,
            "excluded_lines": 0,
            "missing_branches": 4,
            "missing_lines": 12,
            "num_branches": 4,
            "num_partial_branches": 0,
            "num_statements": 12,
            "percent_branches_covered": 0.0,
            "percent_branches_covered_display": "0",
            "percent_covered": 0.0,
            "percent_covered_display": "0",
            "percent_statements_covered": 0.0,
            "percent_statements_covered_display": "0"
          }
        },
        "BaseHTTPClient._map_error": {
          "excluded_lines": [],
          "executed_branches": [],
          "executed_lines": [],
          "missing_branches": [
            [
              233,
              234
            ],
            [
              233,
              238
            ],
            [
              238,
              239
            ],
            [
              238,
              245
            ],
            [
              245,
              246
            ],
            [
              245,
              252
            ],
            [
              252,
              253
            ],
            [
              252,
              260
            ]
          ],
          "missing_lines": [
            223,
            224,
            228,
            229,
            230,
            231,
            233,
            234,
            238,
            239,
            245,
            246,
            252,
            253,
            254,
            260
          ],
          "start_line": 222,
          "summary": {
            "covered_branches": 0,
            "covered_lines": 0,
            "excluded_lines": 0,
            "missing_branches": 8,
            "missing_lines": 16,
            "num_branches": 8,
            "num_partial_branches": 0,
            "num_statements": 16,
            "percent_branches_covered": 0.0,
            "percent_branches_covered_display": "0",
            "percent_covered": 0.0,
            "percent_covered_display": "0",
            "percent_statements_covered": 0.0,
            "percent_statements_covered_display": "0"
          }
        },
        "BaseHTTPClient._should_retry": {
          "excluded_lines": [],
          "executed_branches": [],
          "executed_lines": [],
          "missing_branches": [],
          "missing_lines": [
            217,
            218
          ],
          "start_line": 216,
          "summary": {
            "covered_branches": 0,
            "covered_lines": 0,
            "excluded_lines": 0,
            "missing_branches": 0,
            "missing_lines": 2,
            "num_branches": 0,
            "num_partial_branches": 0,
            "num_statements": 2,
            "percent_branches_covered": 100.0,
            "percent_branches_covered_display": "100",
            "percent_covered": 0.0,
            "percent_covered_display": "0",
            "percent_statements_covered": 0.0,
            "percent_statements_covered_display": "0"
          }
        },
        "BaseHTTPClient.close": {
          "excluded_lines": [],
          "executed_branches": [],
          "executed_lines": [],
          "missing_branches": [],
          "missing_lines": [
            57
          ],
          "start_line": 56,
          "summary": {
            "covered_branches": 0,
            "covered_lines": 0,
            "excluded_lines": 0,
            "missing_branches": 0,
            "missing_lines": 1,
            "num_branches": 0,
            "num_partial_branches": 0,
            "num_statements": 1,
            "percent_branches_covered": 100.0,
            "percent_branches_covered_display": "100",
            "percent_covered": 0.0,
            "percent_covered_display": "0",
            "percent_statements_covered": 0.0,
            "percent_statements_covered_display": "0"
          }
        },
        "BaseHTTPClient.get_json": {
          "excluded_lines": [
            209,
            210
          ],
          "executed_branches": [],
          "executed_lines": [],
          "missing_branches": [
            [
              202,
              203
            ],
            [
              202,
              208
            ]
          ],
          "missing_lines": [
            190,
            200,
            201,
            202,
            203,
            208
          ],
          "start_line": 179,
          "summary": {
            "covered_branches": 0,
            "covered_lines": 0,
            "excluded_lines": 2,
            "missing_branches": 2,
            "missing_lines": 6,
            "num_branches": 2,
            "num_partial_branches": 0,
            "num_statements": 6,
            "percent_branches_covered": 0.0,
            "percent_branches_covered_display": "0",
            "percent_covered": 0.0,
            "percent_covered_display": "0",
            "percent_statements_covered": 0.0,
            "percent_statements_covered_display": "0"
          }
        },
        "BaseHTTPClient.request": {
          "excluded_lines": [
            92,
            93
          ],
          "executed_branches": [],
          "executed_lines": [],
          "missing_branches": [
            [
              84,
              85
            ],
            [
              84,
              89
            ],
            [
              89,
              90
            ],
            [
              89,
              96
            ],
            [
              99,
              100
            ],
            [
              99,
              104
            ],
            [
              104,
              105
            ],
            [
              104,
              107
            ]
          ],
          "missing_lines": [
            76,
            77,
            78,
            80,
            81,
            84,
            85,
            86,
            89,
            90,
            91,
            96,
            99,
            100,
            101,
            104,
            105,
            107
          ],
          "start_line": 65,
          "summary": {
            "covered_branches": 0,
            "covered_lines": 0,
            "excluded_lines": 2,
            "missing_branches": 8,
            "missing_lines": 18,
            "num_branches": 8,
            "num_partial_branches": 0,
            "num_statements": 18,
            "percent_branches_covered": 0.0,
            "percent_branches_covered_display": "0",
            "percent_covered": 0.0,
            "percent_covered_display": "0",
            "percent_statements_covered": 0.0,
            "percent_statements_covered_display": "0"
          }
        }
      },
      "missing_branches": [
        [
          84,
          85
        ],
        [
          84,
          89
        ],
        [
          89,
          90
        ],
        [
          89,
          96
        ],
        [
          99,
          100
        ],
        [
          99,
          104
        ],
        [
          104,
          105
        ],
        [
          104,
          107
        ],
        [
          134,
          135
        ],
        [
          134,
          136
        ],
        [
          139,
          140
        ],
        [
          139,
          141
        ],
        [
          161,
          162
        ],
        [
          161,
          169
        ],
        [
          163,
          164
        ],
        [
          163,
          166
        ],
        [
          169,
          170
        ],
        [
          169,
          173
        ],
        [
          174,
          175
        ],
        [
          174,
          177
        ],
        [
          202,
          203
        ],
        [
          202,
          208
        ],
        [
          233,
          234
        ],
        [
          233,
          238
        ],
        [
          238,
          239
        ],
        [
          238,
          245
        ],
        [
          245,
          246
        ],
        [
          245,
          252
        ],
        [
          252,
          253
        ],
        [
          252,
          260
        ]
      ],
      "missing_lines": [
        3,
        5,
        6,
        7,
        8,
        9,
        10,
        12,
        14,
        24,
        26,
        27,
        30,
        31,
        34,
        35,
        36,
        37,
        38,
        41,
        44,
        50,
        51,
        52,
        53,
        54,
        56,
        57,
        65,
        76,
        77,
        78,
        80,
        81,
        84,
        85,
        86,
        89,
        90,
        91,
        96,
        99,
        100,
        101,
        104,
        105,
        107,
        109,
        124,
        125,
        133,
        134,
        135,
        136,
        137,
        138,
        139,
        140,
        141,
        142,
        144,
        161,
        162,
        163,
        164,
        165,
        166,
        169,
        170,
        173,
        174,
        175,
        176,
        177,
        179,
        190,
        200,
        201,
        202,
        203,
        208,
        216,
        217,
        218,
        222,
        223,
        224,
        228,
        229,
        230,
        231,
        233,
        234,
        238,
        239,
        245,
        246,
        252,
        253,
        254,
        260,
        269
      ],
      "summary": {
        "covered_branches": 0,
        "covered_lines": 0,
        "excluded_lines": 10,
        "missing_branches": 30,
        "missing_lines": 102,
        "num_branches": 30,
        "num_partial_branches": 0,
        "num_statements": 102,
        "percent_branches_covered": 0.0,
        "percent_branches_covered_display": "0",
        "percent_covered": 0.0,
        "percent_covered_display": "0",
        "percent_statements_covered": 0.0,
        "percent_statements_covered_display": "0"
      }
    },
    "raindropio_mcp/clients/client_factory.py": {
      "classes": {
        "": {
          "excluded_lines": [
            11,
            12
          ],
          "executed_branches": [],
          "executed_lines": [],
          "missing_branches": [],
          "missing_lines": [
            3,
            5,
            6,
            8,
            9,
            15,
            18,
            21,
            22,
            27,
            28,
            29,
            31,
            34
          ],
          "start_line": 1,
          "summary": {
            "covered_branches": 0,
            "covered_lines": 0,
            "excluded_lines": 2,
            "missing_branches": 0,
            "missing_lines": 14,
            "num_branches": 0,
            "num_partial_branches": 0,
            "num_statements": 14,
            "percent_branches_covered": 100.0,
            "percent_branches_covered_display": "100",
            "percent_covered": 0.0,
            "percent_covered_display": "0",
            "percent_statements_covered": 0.0,
            "percent_statements_covered_display": "0"
          }
        }
      },
      "excluded_lines": [
        11,
        12
      ],
      "executed_branches": [],
      "executed_lines": [],
      "functions": {
        "": {
          "excluded_lines": [
            11,
            12
          ],
          "executed_branches": [],
          "executed_lines": [],
          "missing_branches": [],
          "missing_lines": [
            3,
            5,
            6,
            8,
            9,
            15,
            21,
            22,
            34
          ],
          "start_line": 1,
          "summary": {
            "covered_branches": 0,
            "covered_lines": 0,
            "excluded_lines": 2,
            "missing_branches": 0,
            "missing_lines": 9,
            "num_branches": 0,
            "num_partial_branches": 0,
            "num_statements": 9,
            "percent_branches_covered": 100.0,
            "percent_branches_covered_display": "100",
            "percent_covered": 0.0,
            "percent_covered_display": "0",
            "percent_statements_covered": 0.0,
            "percent_statements_covered_display": "0"
          }
        },
        "build_raindrop_client": {
          "excluded_lines": [],
          "executed_branches": [],
          "executed_lines": [],
          "missing_branches": [],
          "missing_lines": [
            18
          ],
          "start_line": 15,
          "summary": {
            "covered_branches": 0,
            "covered_lines": 0,
            "excluded_lines": 0,
            "missing_branches": 0,
            "missing_lines": 1,
            "num_branches": 0,
            "num_partial_branches": 0,
            "num_statements": 1,
            "percent_branches_covered": 100.0,
            "percent_branches_covered_display": "100",
            "percent_covered": 0.0,
            "percent_covered_display": "0",
            "percent_statements_covered": 0.0,
            "percent_statements_covered_display": "0"
          }
        },
        "raindrop_client_context": {
          "excluded_lines": [],
          "executed_branches": [],
          "executed_lines": [],
          "missing_branches": [],
          "missing_lines": [
            27,
            28,
            29,
            31
          ],
          "start_line": 22,
          "summary": {
            "covered_branches": 0,
            "covered_lines": 0,
            "excluded_lines": 0,
            "missing_branches": 0,
            "missing_lines": 4,
            "num_branches": 0,
            "num_partial_branches": 0,
            "num_statements": 4,
            "percent_branches_covered": 100.0,
            "percent_branches_covered_display": "100",
            "percent_covered": 0.0,
            "percent_covered_display": "0",
            "percent_statements_covered": 0.0,
            "percent_statements_covered_display": "0"
          }
        }
      },
      "missing_branches": [],
      "missing_lines": [
        3,
        5,
        6,
        8,
        9,
        15,
        18,
        21,
        22,
        27,
        28,
        29,
        31,
        34
      ],
      "summary": {
        "covered_branches": 0,
        "covered_lines": 0,
        "excluded_lines": 2,
        "missing_branches": 0,
        "missing_lines": 14,
        "num_branches": 0,
        "num_partial_branches": 0,
        "num_statements": 14,
        "percent_branches_covered": 100.0,
        "percent_branches_covered_display": "100",
        "percent_covered": 0.0,
        "percent_covered_display": "0",
        "percent_statements_covered": 0.0,
        "percent_statements_covered_display": "0"
      }
    },
    "raindropio_mcp/clients/raindrop_client.py": {
      "classes": {
        "": {
          "excluded_lines": [],
          "executed_branches": [],
          "executed_lines": [],
          "missing_branches": [],
          "missing_lines": [
            3,
            5,
            6,
            7,
            9,
            10,
            11,
            43,
            45,
            48,
            49,
            52,
            53,
            54,
            55,
            56,
            59,
            62,
            66,
            73,
            80,
            90,
            101,
            117,
            126,
            165,
            191,
            201,
            217,
            231,
            240,
            247,
            260,
            266,
            277,
            288,
            305,
            322,
            332,
            349,
            365,
            381,
            397,
            413,
            435,
            453,
            476,
            492
          ],
          "start_line": 1,
          "summary": {
            "covered_branches": 0,
            "covered_lines": 0,
            "excluded_lines": 0,
            "missing_branches": 0,
            "missing_lines": 48,
            "num_branches": 0,
            "num_partial_branches": 0,
            "num_statements": 48,
            "percent_branches_covered": 100.0,
            "percent_branches_covered_display": "100",
            "percent_covered": 0.0,
            "percent_covered_display": "0",
            "percent_statements_covered": 0.0,
            "percent_statements_covered_display": "0"
          }
        },
        "PaginatedBookmarks": {
          "excluded_lines": [],
          "executed_branches": [],
          "executed_lines": [],
          "missing_branches": [],
          "missing_lines": [],
          "start_line": 49,
          "summary": {
            "covered_branches": 0,
            "covered_lines": 0,
            "excluded_lines": 0,
            "missing_branches": 0,
            "missing_lines": 0,
            "num_branches": 0,
            "num_partial_branches": 0,
            "num_statements": 0,
            "percent_branches_covered": 100.0,
            "percent_branches_covered_display": "100",
            "percent_covered": 100.0,
            "percent_covered_display": "100",
            "percent_statements_covered": 100.0,
            "percent_statements_covered_display": "100"
          }
        },
        "RaindropClient": {
          "excluded_lines": [],
          "executed_branches": [],
          "executed_lines": [],
          "missing_branches": [
            [
              69,
              70
            ],
            [
              69,
              71
            ],
            [
              76,
              77
            ],
            [
              76,
              78
            ],
            [
              83,
              84
            ],
            [
              83,
              88
            ],
            [
              97,
              98
            ],
            [
              97,
              99
            ],
            [
              110,
              111
            ],
            [
              110,
              115
            ],
            [
              119,
              120
            ],
            [
              119,
              124
            ],
            [
              141,
              142
            ],
            [
              141,
              143
            ],
            [
              143,
              144
            ],
            [
              143,
              146
            ],
            [
              152,
              153
            ],
            [
              152,
              157
            ],
            [
              181,
              182
            ],
            [
              181,
              183
            ],
            [
              194,
              195
            ],
            [
              194,
              199
            ],
            [
              210,
              211
            ],
            [
              210,
              215
            ],
            [
              224,
              225
            ],
            [
              224,
              229
            ],
            [
              233,
              234
            ],
            [
              233,
              238
            ],
            [
              243,
              244
            ],
            [
              243,
              245
            ],
            [
              253,
              254
            ],
            [
              253,
              258
            ],
            [
              262,
              263
            ],
            [
              262,
              264
            ],
            [
              270,
              271
            ],
            [
              270,
              275
            ],
            [
              281,
              282
            ],
            [
              281,
              286
            ],
            [
              298,
              299
            ],
            [
              298,
              303
            ],
            [
              315,
              316
            ],
            [
              315,
              320
            ],
            [
              325,
              326
            ],
            [
              325,
              330
            ],
            [
              341,
              342
            ],
            [
              341,
              347
            ],
            [
              358,
              359
            ],
            [
              358,
              363
            ],
            [
              374,
              375
            ],
            [
              374,
              379
            ],
            [
              390,
              391
            ],
            [
              390,
              395
            ],
            [
              406,
              407
            ],
            [
              406,
              411
            ],
            [
              420,
              422
            ],
            [
              420,
              425
            ],
            [
              427,
              428
            ],
            [
              427,
              433
            ],
            [
              445,
              446
            ],
            [
              445,
              451
            ],
            [
              468,
              469
            ],
            [
              468,
              474
            ],
            [
              482,
              483
            ],
            [
              482,
              488
            ]
          ],
          "missing_lines": [
            63,
            64,
            67,
            68,
            69,
            70,
            71,
            74,
            75,
            76,
            77,
            78,
            81,
            82,
            83,
            84,
            88,
            91,
            96,
            97,
            98,
            99,
            104,
            109,
            110,
            111,
            115,
            118,
            119,
            120,
            124,
            135,
            141,
            142,
            143,
            144,
            146,
            151,
            152,
            153,
            157,
            172,
            179,
            180,
            181,
            182,
            183,
            192,
            193,
            194,
            195,
            199,
            204,
            209,
            210,
            211,
            215,
            218,
            223,
            224,
            225,
            229,
            232,
            233,
            234,
            238,
            241,
            242,
            243,
            244,
            245,
            248,
            253,
            254,
            258,
            261,
            262,
            263,
            264,
            268,
            269,
            270,
            271,
            275,
            279,
            280,
            281,
            282,
            286,
            292,
            297,
            298,
            299,
            303,
            309,
            314,
            315,
            316,
            320,
            324,
            325,
            326,
            330,
            336,
            341,
            342,
            347,
            353,
            358,
            359,
            363,
            369,
            374,
            375,
            379,
            385,
            390,
            391,
            395,
            401,
            406,
            407,
            411,
            417,
            420,
            422,
            425,
            427,
            428,
            433,
            439,
            441,
            445,
            446,
            451,
            460,
            461,
            468,
            469,
            474,
            481,
            482,
            483,
            488,
            489
          ],
          "start_line": 59,
          "summary": {
            "covered_branches": 0,
            "covered_lines": 0,
            "excluded_lines": 0,
            "missing_branches": 64,
            "missing_lines": 145,
            "num_branches": 64,
            "num_partial_branches": 0,
            "num_statements": 145,
            "percent_branches_covered": 0.0,
            "percent_branches_covered_display": "0",
            "percent_covered": 0.0,
            "percent_covered_display": "0",
            "percent_statements_covered": 0.0,
            "percent_statements_covered_display": "0"
          }
        }
      },
      "excluded_lines": [],
      "executed_branches": [],
      "executed_lines": [],
      "functions": {
        "": {
          "excluded_lines": [],
          "executed_branches": [],
          "executed_lines": [],
          "missing_branches": [],
          "missing_lines": [
            3,
            5,
            6,
            7,
            9,
            10,
            11,
            43,
            45,
            48,
            49,
            52,
            53,
            54,
            55,
            56,
            59,
            62,
            66,
            73,
            80,
            90,
            101,
            117,
            126,
            165,
            191,
            201,
            217,
            231,
            240,
            247,
            260,
            266,
            277,
            288,
            305,
            322,
            332,
            349,
            365,
            381,
            397,
            413,
            435,
            453,
            476,
            492
          ],
          "start_line": 1,
          "summary": {
            "covered_branches": 0,
            "covered_lines": 0,
            "excluded_lines": 0,
            "missing_branches": 0,
            "missing_lines": 48,
            "num_branches": 0,
            "num_partial_branches": 0,
            "num_statements": 48,
            "percent_branches_covered": 100.0,
            "percent_branches_covered_display": "100",
            "percent_covered": 0.0,
            "percent_covered_display": "0",
            "percent_statements_covered": 0.0,
            "percent_statements_covered_display": "0"
          }
        },
        "RaindropClient.__init__": {
          "excluded_lines": [],
          "executed_branches": [],
          "executed_lines": [],
          "missing_branches": [],
          "missing_lines": [
            63,
            64
          ],
          "start_line": 62,
          "summary": {
            "covered_branches": 0,
            "covered_lines": 0,
            "excluded_lines": 0,
            "missing_branches": 0,
            "missing_lines": 2,
            "num_branches": 0,
            "num_partial_branches": 0,
            "num_statements": 2,
            "percent_branches_covered": 100.0,
            "percent_branches_covered_display": "100",
            "percent_covered": 0.0,
            "percent_covered_display": "0",
            "percent_statements_covered": 0.0,
            "percent_statements_covered_display": "0"
          }
        },
        "RaindropClient.apply_filters": {
          "excluded_lines": [],
          "executed_branches": [],
          "executed_lines": [],
          "missing_branches": [
            [
              420,
              422
            ],
            [
              420,
              425
            ],
            [
              427,
              428
            ],
            [
              427,
              433
            ]
          ],
          "missing_lines": [
            417,
            420,
            422,
            425,
            427,
            428,
            433
          ],
          "start_line": 413,
          "summary": {
            "covered_branches": 0,
            "covered_lines": 0,
            "excluded_lines": 0,
            "missing_branches": 4,
            "missing_lines": 7,
            "num_branches": 4,
            "num_partial_branches": 0,
            "num_statements": 7,
            "percent_branches_covered": 0.0,
            "percent_branches_covered_display": "0",
            "percent_covered": 0.0,
            "percent_covered_display": "0",
            "percent_statements_covered": 0.0,
            "percent_statements_covered_display": "0"
          }
        },
        "RaindropClient.batch_delete_bookmarks": {
          "excluded_lines": [],
          "executed_branches": [],
          "executed_lines": [],
          "missing_branches": [
            [
              358,
              359
            ],
            [
              358,
              363
            ]
          ],
          "missing_lines": [
            353,
            358,
            359,
            363
          ],
          "start_line": 349,
          "summary": {
            "covered_branches": 0,
            "covered_lines": 0,
            "excluded_lines": 0,
            "missing_branches": 2,
            "missing_lines": 4,
            "num_branches": 2,
            "num_partial_branches": 0,
            "num_statements": 4,
            "percent_branches_covered": 0.0,
            "percent_branches_covered_display": "0",
            "percent_covered": 0.0,
            "percent_covered_display": "0",
            "percent_statements_covered": 0.0,
            "percent_statements_covered_display": "0"
          }
        },
        "RaindropClient.batch_move_bookmarks": {
          "excluded_lines": [],
          "executed_branches": [],
          "executed_lines": [],
          "missing_branches": [
            [
              341,
              342
            ],
            [
              341,
              347
            ]
          ],
          "missing_lines": [
            336,
            341,
            342,
            347
          ],
          "start_line": 332,
          "summary": {
            "covered_branches": 0,
            "covered_lines": 0,
            "excluded_lines": 0,
            "missing_branches": 2,
            "missing_lines": 4,
            "num_branches": 2,
            "num_partial_branches": 0,
            "num_statements": 4,
            "percent_branches_covered": 0.0,
            "percent_branches_covered_display": "0",
            "percent_covered": 0.0,
            "percent_covered_display": "0",
            "percent_statements_covered": 0.0,
            "percent_statements_covered_display": "0"
          }
        },
        "RaindropClient.batch_tag_bookmarks": {
          "excluded_lines": [],
          "executed_branches": [],
          "executed_lines": [],
          "missing_branches": [
            [
              390,
              391
            ],
            [
              390,
              395
            ]
          ],
          "missing_lines": [
            385,
            390,
            391,
            395
          ],
          "start_line": 381,
          "summary": {
            "covered_branches": 0,
            "covered_lines": 0,
            "excluded_lines": 0,
            "missing_branches": 2,
            "missing_lines": 4,
            "num_branches": 2,
            "num_partial_branches": 0,
            "num_statements": 4,
            "percent_branches_covered": 0.0,
            "percent_branches_covered_display": "0",
            "percent_covered": 0.0,
            "percent_covered_display": "0",
            "percent_statements_covered": 0.0,
            "percent_statements_covered_display": "0"
          }
        },
        "RaindropClient.batch_untag_bookmarks": {
          "excluded_lines": [],
          "executed_branches": [],
          "executed_lines": [],
          "missing_branches": [
            [
              406,
              407
            ],
            [
              406,
              411
            ]
          ],
          "missing_lines": [
            401,
            406,
            407,
            411
          ],
          "start_line": 397,
          "summary": {
            "covered_branches": 0,
            "covered_lines": 0,
            "excluded_lines": 0,
            "missing_branches": 2,
            "missing_lines": 4,
            "num_branches": 2,
            "num_partial_branches": 0,
            "num_statements": 4,
            "percent_branches_covered": 0.0,
            "percent_branches_covered_display": "0",
            "percent_covered": 0.0,
            "percent_covered_display": "0",
            "percent_statements_covered": 0.0,
            "percent_statements_covered_display": "0"
          }
        },
        "RaindropClient.batch_update_bookmarks": {
          "excluded_lines": [],
          "executed_branches": [],
          "executed_lines": [],
          "missing_branches": [
            [
              374,
              375
            ],
            [
              374,
              379
            ]
          ],
          "missing_lines": [
            369,
            374,
            375,
            379
          ],
          "start_line": 365,
          "summary": {
            "covered_branches": 0,
            "covered_lines": 0,
            "excluded_lines": 0,
            "missing_branches": 2,
            "missing_lines": 4,
            "num_branches": 2,
            "num_partial_branches": 0,
            "num_statements": 4,
            "percent_branches_covered": 0.0,
            "percent_branches_covered_display": "0",
            "percent_covered": 0.0,
            "percent_covered_display": "0",
            "percent_statements_covered": 0.0,
            "percent_statements_covered_display": "0"
          }
        },
        "RaindropClient.create_bookmark": {
          "excluded_lines": [],
          "executed_branches": [],
          "executed_lines": [],
          "missing_branches": [
            [
              210,
              211
            ],
            [
              210,
              215
            ]
          ],
          "missing_lines": [
            204,
            209,
            210,
            211,
            215
          ],
          "start_line": 201,
          "summary": {
            "covered_branches": 0,
            "covered_lines": 0,
            "excluded_lines": 0,
            "missing_branches": 2,
            "missing_lines": 5,
            "num_branches": 2,
            "num_partial_branches": 0,
            "num_statements": 5,
            "percent_branches_covered": 0.0,
            "percent_branches_covered_display": "0",
            "percent_covered": 0.0,
            "percent_covered_display": "0",
            "percent_statements_covered": 0.0,
            "percent_statements_covered_display": "0"
          }
        },
        "RaindropClient.create_collection": {
          "excluded_lines": [],
          "executed_branches": [],
          "executed_lines": [],
          "missing_branches": [
            [
              97,
              98
            ],
            [
              97,
              99
            ]
          ],
          "missing_lines": [
            91,
            96,
            97,
            98,
            99
          ],
          "start_line": 90,
          "summary": {
            "covered_branches": 0,
            "covered_lines": 0,
            "excluded_lines": 0,
            "missing_branches": 2,
            "missing_lines": 5,
            "num_branches": 2,
            "num_partial_branches": 0,
            "num_statements": 5,
            "percent_branches_covered": 0.0,
            "percent_branches_covered_display": "0",
            "percent_covered": 0.0,
            "percent_covered_display": "0",
            "percent_statements_covered": 0.0,
            "percent_statements_covered_display": "0"
          }
        },
        "RaindropClient.create_highlight": {
          "excluded_lines": [],
          "executed_branches": [],
          "executed_lines": [],
          "missing_branches": [
            [
              298,
              299
            ],
            [
              298,
              303
            ]
          ],
          "missing_lines": [
            292,
            297,
            298,
            299,
            303
          ],
          "start_line": 288,
          "summary": {
            "covered_branches": 0,
            "covered_lines": 0,
            "excluded_lines": 0,
            "missing_branches": 2,
            "missing_lines": 5,
            "num_branches": 2,
            "num_partial_branches": 0,
            "num_statements": 5,
            "percent_branches_covered": 0.0,
            "percent_branches_covered_display": "0",
            "percent_covered": 0.0,
            "percent_covered_display": "0",
            "percent_statements_covered": 0.0,
            "percent_statements_covered_display": "0"
          }
        },
        "RaindropClient.delete_bookmark": {
          "excluded_lines": [],
          "executed_branches": [],
          "executed_lines": [],
          "missing_branches": [
            [
              233,
              234
            ],
            [
              233,
              238
            ]
          ],
          "missing_lines": [
            232,
            233,
            234,
            238
          ],
          "start_line": 231,
          "summary": {
            "covered_branches": 0,
            "covered_lines": 0,
            "excluded_lines": 0,
            "missing_branches": 2,
            "missing_lines": 4,
            "num_branches": 2,
            "num_partial_branches": 0,
            "num_statements": 4,
            "percent_branches_covered": 0.0,
            "percent_branches_covered_display": "0",
            "percent_covered": 0.0,
            "percent_covered_display": "0",
            "percent_statements_covered": 0.0,
            "percent_statements_covered_display": "0"
          }
        },
        "RaindropClient.delete_collection": {
          "excluded_lines": [],
          "executed_branches": [],
          "executed_lines": [],
          "missing_branches": [
            [
              119,
              120
            ],
            [
              119,
              124
            ]
          ],
          "missing_lines": [
            118,
            119,
            120,
            124
          ],
          "start_line": 117,
          "summary": {
            "covered_branches": 0,
            "covered_lines": 0,
            "excluded_lines": 0,
            "missing_branches": 2,
            "missing_lines": 4,
            "num_branches": 2,
            "num_partial_branches": 0,
            "num_statements": 4,
            "percent_branches_covered": 0.0,
            "percent_branches_covered_display": "0",
            "percent_covered": 0.0,
            "percent_covered_display": "0",
            "percent_statements_covered": 0.0,
            "percent_statements_covered_display": "0"
          }
        },
        "RaindropClient.delete_highlight": {
          "excluded_lines": [],
          "executed_branches": [],
          "executed_lines": [],
          "missing_branches": [
            [
              325,
              326
            ],
            [
              325,
              330
            ]
          ],
          "missing_lines": [
            324,
            325,
            326,
            330
          ],
          "start_line": 322,
          "summary": {
            "covered_branches": 0,
            "covered_lines": 0,
            "excluded_lines": 0,
            "missing_branches": 2,
            "missing_lines": 4,
            "num_branches": 2,
            "num_partial_branches": 0,
            "num_statements": 4,
            "percent_branches_covered": 0.0,
            "percent_branches_covered_display": "0",
            "percent_covered": 0.0,
            "percent_covered_display": "0",
            "percent_statements_covered": 0.0,
            "percent_statements_covered_display": "0"
          }
        },
        "RaindropClient.delete_tag": {
          "excluded_lines": [],
          "executed_branches": [],
          "executed_lines": [],
          "missing_branches": [
            [
              262,
              263
            ],
            [
              262,
              264
            ]
          ],
          "missing_lines": [
            261,
            262,
            263,
            264
          ],
          "start_line": 260,
          "summary": {
            "covered_branches": 0,
            "covered_lines": 0,
            "excluded_lines": 0,
            "missing_branches": 2,
            "missing_lines": 4,
            "num_branches": 2,
            "num_partial_branches": 0,
            "num_statements": 4,
            "percent_branches_covered": 0.0,
            "percent_branches_covered_display": "0",
            "percent_covered": 0.0,
            "percent_covered_display": "0",
            "percent_statements_covered": 0.0,
            "percent_statements_covered_display": "0"
          }
        },
        "RaindropClient.export_bookmarks": {
          "excluded_lines": [],
          "executed_branches": [],
          "executed_lines": [],
          "missing_branches": [
            [
              482,
              483
            ],
            [
              482,
              488
            ]
          ],
          "missing_lines": [
            481,
            482,
            483,
            488,
            489
          ],
          "start_line": 476,
          "summary": {
            "covered_branches": 0,
            "covered_lines": 0,
            "excluded_lines": 0,
            "missing_branches": 2,
            "missing_lines": 5,
            "num_branches": 2,
            "num_partial_branches": 0,
            "num_statements": 5,
            "percent_branches_covered": 0.0,
            "percent_branches_covered_display": "0",
            "percent_covered": 0.0,
            "percent_covered_display": "0",
            "percent_statements_covered": 0.0,
            "percent_statements_covered_display": "0"
          }
        },
        "RaindropClient.get_bookmark": {
          "excluded_lines": [],
          "executed_branches": [],
          "executed_lines": [],
          "missing_branches": [
            [
              194,
              195
            ],
            [
              194,
              199
            ]
          ],
          "missing_lines": [
            192,
            193,
            194,
            195,
            199
          ],
          "start_line": 191,
          "summary": {
            "covered_branches": 0,
            "covered_lines": 0,
            "excluded_lines": 0,
            "missing_branches": 2,
            "missing_lines": 5,
            "num_branches": 2,
            "num_partial_branches": 0,
            "num_statements": 5,
            "percent_branches_covered": 0.0,
            "percent_branches_covered_display": "0",
            "percent_covered": 0.0,
            "percent_covered_display": "0",
            "percent_statements_covered": 0.0,
            "percent_statements_covered_display": "0"
          }
        },
        "RaindropClient.get_collection": {
          "excluded_lines": [],
          "executed_branches": [],
          "executed_lines": [],
          "missing_branches": [
            [
              83,
              84
            ],
            [
              83,
              88
            ]
          ],
          "missing_lines": [
            81,
            82,
            83,
            84,
            88
          ],
          "start_line": 80,
          "summary": {
            "covered_branches": 0,
            "covered_lines": 0,
            "excluded_lines": 0,
            "missing_branches": 2,
            "missing_lines": 5,
            "num_branches": 2,
            "num_partial_branches": 0,
            "num_statements": 5,
            "percent_branches_covered": 0.0,
            "percent_branches_covered_display": "0",
            "percent_covered": 0.0,
[...]
            "percent_covered": 0.0,
            "percent_covered_display": "0",
            "percent_statements_covered": 0.0,
            "percent_statements_covered_display": "0"
          }
        },
        "NotFoundError.__init__": {
          "excluded_lines": [],
          "executed_branches": [],
          "executed_lines": [],
          "missing_branches": [],
          "missing_lines": [
            81
          ],
          "start_line": 72,
          "summary": {
            "covered_branches": 0,
            "covered_lines": 0,
            "excluded_lines": 0,
            "missing_branches": 0,
            "missing_lines": 1,
            "num_branches": 0,
            "num_partial_branches": 0,
            "num_statements": 1,
            "percent_branches_covered": 100.0,
            "percent_branches_covered_display": "100",
            "percent_covered": 0.0,
            "percent_covered_display": "0",
            "percent_statements_covered": 0.0,
            "percent_statements_covered_display": "0"
          }
        },
        "RaindropError.__init__": {
          "excluded_lines": [],
          "executed_branches": [],
          "executed_lines": [],
          "missing_branches": [],
          "missing_lines": [
            12,
            13,
            14
          ],
          "start_line": 11,
          "summary": {
            "covered_branches": 0,
            "covered_lines": 0,
            "excluded_lines": 0,
            "missing_branches": 0,
            "missing_lines": 3,
            "num_branches": 0,
            "num_partial_branches": 0,
            "num_statements": 3,
            "percent_branches_covered": 100.0,
            "percent_branches_covered_display": "100",
            "percent_covered": 0.0,
            "percent_covered_display": "0",
            "percent_statements_covered": 0.0,
            "percent_statements_covered_display": "0"
          }
        },
        "RaindropError.__str__": {
          "excluded_lines": [
            17,
            18,
            19
          ],
          "executed_branches": [],
          "executed_lines": [],
          "missing_branches": [],
          "missing_lines": [],
          "start_line": 16,
          "summary": {
            "covered_branches": 0,
            "covered_lines": 0,
            "excluded_lines": 3,
            "missing_branches": 0,
            "missing_lines": 0,
            "num_branches": 0,
            "num_partial_branches": 0,
            "num_statements": 0,
            "percent_branches_covered": 100.0,
            "percent_branches_covered_display": "100",
            "percent_covered": 100.0,
            "percent_covered_display": "100",
            "percent_statements_covered": 100.0,
            "percent_statements_covered_display": "100"
          }
        },
        "RateLimitError.__init__": {
          "excluded_lines": [],
          "executed_branches": [],
          "executed_lines": [],
          "missing_branches": [],
          "missing_lines": [
            104,
            111,
            112
          ],
          "start_line": 93,
          "summary": {
            "covered_branches": 0,
            "covered_lines": 0,
            "excluded_lines": 0,
            "missing_branches": 0,
            "missing_lines": 3,
            "num_branches": 0,
            "num_partial_branches": 0,
            "num_statements": 3,
            "percent_branches_covered": 100.0,
            "percent_branches_covered_display": "100",
            "percent_covered": 0.0,
            "percent_covered_display": "0",
            "percent_statements_covered": 0.0,
            "percent_statements_covered_display": "0"
          }
        },
        "RateLimitError.backoff_seconds": {
          "excluded_lines": [
            119,
            120
          ],
          "executed_branches": [],
          "executed_lines": [],
          "missing_branches": [
            [
              115,
              116
            ],
            [
              115,
              117
            ]
          ],
          "missing_lines": [
            115,
            116,
            117,
            118
          ],
          "start_line": 114,
          "summary": {
            "covered_branches": 0,
            "covered_lines": 0,
            "excluded_lines": 2,
            "missing_branches": 2,
            "missing_lines": 4,
            "num_branches": 2,
            "num_partial_branches": 0,
            "num_statements": 4,
            "percent_branches_covered": 0.0,
            "percent_branches_covered_display": "0",
            "percent_covered": 0.0,
            "percent_covered_display": "0",
            "percent_statements_covered": 0.0,
            "percent_statements_covered_display": "0"
          }
        }
      },
      "missing_branches": [
        [
          62,
          63
        ],
        [
          62,
          64
        ],
        [
          64,
          65
        ],
        [
          64,
          66
        ],
        [
          115,
          116
        ],
        [
          115,
          117
        ]
      ],
      "missing_lines": [
        12,
        13,
        14,
        50,
        51,
        52,
        53,
        56,
        59,
        62,
        63,
        64,
        65,
        66,
        81,
        104,
        111,
        112,
        115,
        116,
        117,
        118
      ],
      "summary": {
        "covered_branches": 0,
        "covered_lines": 21,
        "excluded_lines": 6,
        "missing_branches": 6,
        "missing_lines": 22,
        "num_branches": 6,
        "num_partial_branches": 0,
        "num_statements": 43,
        "percent_branches_covered": 0.0,
        "percent_branches_covered_display": "0",
        "percent_covered": 42.857142857142854,
        "percent_covered_display": "43",
        "percent_statements_covered": 48.83720930232558,
        "percent_statements_covered_display": "49"
      }
    },
    "raindropio_mcp/utils/process_utils.py": {
      "classes": {
        "": {
          "excluded_lines": [],
          "executed_branches": [],
          "executed_lines": [],
          "missing_branches": [],
          "missing_lines": [
            3,
            4,
            5,
            6,
            7,
            8,
            9,
            11,
            14,
            17,
            22,
            35,
            48,
            82,
            100
          ],
          "start_line": 1,
          "summary": {
            "covered_branches": 0,
            "covered_lines": 0,
            "excluded_lines": 0,
            "missing_branches": 0,
            "missing_lines": 15,
            "num_branches": 0,
            "num_partial_branches": 0,
            "num_statements": 15,
            "percent_branches_covered": 100.0,
            "percent_branches_covered_display": "100",
            "percent_covered": 0.0,
            "percent_covered_display": "0",
            "percent_statements_covered": 0.0,
            "percent_statements_covered_display": "0"
          }
        },
        "ServerManager": {
          "excluded_lines": [],
          "executed_branches": [],
          "executed_lines": [],
          "missing_branches": [
            [
              27,
              28
            ],
            [
              27,
              29
            ],
            [
              38,
              39
            ],
            [
              38,
              40
            ],
            [
              50,
              51
            ],
            [
              50,
              55
            ],
            [
              85,
              86
            ],
            [
              85,
              89
            ],
            [
              96,
              97
            ],
            [
              96,
              98
            ],
            [
              103,
              104
            ],
            [
              103,
              106
            ]
          ],
          "missing_lines": [
            18,
            19,
            20,
            27,
            28,
            29,
            30,
            31,
            32,
            33,
            37,
            38,
            39,
            40,
            42,
            43,
            44,
            46,
            50,
            51,
            52,
            55,
            56,
            57,
            58,
            59,
            62,
            69,
            72,
            73,
            74,
            77,
            78,
            79,
            80,
            84,
            85,
            86,
            87,
            89,
            91,
            92,
            94,
            96,
            97,
            98,
            102,
            103,
            104,
            106
          ],
          "start_line": 14,
          "summary": {
            "covered_branches": 0,
            "covered_lines": 0,
            "excluded_lines": 0,
            "missing_branches": 12,
            "missing_lines": 50,
            "num_branches": 12,
            "num_partial_branches": 0,
            "num_statements": 50,
            "percent_branches_covered": 0.0,
            "percent_branches_covered_display": "0",
            "percent_covered": 0.0,
            "percent_covered_display": "0",
            "percent_statements_covered": 0.0,
            "percent_statements_covered_display": "0"
          }
        }
      },
      "excluded_lines": [],
      "executed_branches": [],
      "executed_lines": [],
      "functions": {
        "": {
          "excluded_lines": [],
          "executed_branches": [],
          "executed_lines": [],
          "missing_branches": [],
          "missing_lines": [
            3,
            4,
            5,
            6,
            7,
            8,
            9,
            11,
            14,
            17,
            22,
            35,
            48,
            82,
            100
          ],
          "start_line": 1,
          "summary": {
            "covered_branches": 0,
            "covered_lines": 0,
            "excluded_lines": 0,
            "missing_branches": 0,
            "missing_lines": 15,
            "num_branches": 0,
            "num_partial_branches": 0,
            "num_statements": 15,
            "percent_branches_covered": 100.0,
            "percent_branches_covered_display": "100",
            "percent_covered": 0.0,
            "percent_covered_display": "0",
            "percent_statements_covered": 0.0,
            "percent_statements_covered_display": "0"
          }
        },
        "ServerManager.__init__": {
          "excluded_lines": [],
          "executed_branches": [],
          "executed_lines": [],
          "missing_branches": [],
          "missing_lines": [
            18,
            19,
            20
          ],
          "start_line": 17,
          "summary": {
            "covered_branches": 0,
            "covered_lines": 0,
            "excluded_lines": 0,
            "missing_branches": 0,
            "missing_lines": 3,
            "num_branches": 0,
            "num_partial_branches": 0,
            "num_statements": 3,
            "percent_branches_covered": 100.0,
            "percent_branches_covered_display": "100",
            "percent_covered": 0.0,
            "percent_covered_display": "0",
            "percent_statements_covered": 0.0,
            "percent_statements_covered_display": "0"
          }
        },
        "ServerManager.get_pid": {
          "excluded_lines": [],
          "executed_branches": [],
          "executed_lines": [],
          "missing_branches": [
            [
              27,
              28
            ],
            [
              27,
              29
            ]
          ],
          "missing_lines": [
            27,
            28,
            29,
            30,
            31,
            32,
            33
          ],
          "start_line": 22,
          "summary": {
            "covered_branches": 0,
            "covered_lines": 0,
            "excluded_lines": 0,
            "missing_branches": 2,
            "missing_lines": 7,
            "num_branches": 2,
            "num_partial_branches": 0,
            "num_statements": 7,
            "percent_branches_covered": 0.0,
            "percent_branches_covered_display": "0",
            "percent_covered": 0.0,
            "percent_covered_display": "0",
            "percent_statements_covered": 0.0,
            "percent_statements_covered_display": "0"
          }
        },
        "ServerManager.get_status": {
          "excluded_lines": [],
          "executed_branches": [],
          "executed_lines": [],
          "missing_branches": [
            [
              103,
              104
            ],
            [
              103,
              106
            ]
          ],
          "missing_lines": [
            102,
            103,
            104,
            106
          ],
          "start_line": 100,
          "summary": {
            "covered_branches": 0,
            "covered_lines": 0,
            "excluded_lines": 0,
            "missing_branches": 2,
            "missing_lines": 4,
            "num_branches": 2,
            "num_partial_branches": 0,
            "num_statements": 4,
            "percent_branches_covered": 0.0,
            "percent_branches_covered_display": "0",
            "percent_covered": 0.0,
            "percent_covered_display": "0",
            "percent_statements_covered": 0.0,
            "percent_statements_covered_display": "0"
          }
        },
        "ServerManager.is_running": {
          "excluded_lines": [],
          "executed_branches": [],
          "executed_lines": [],
          "missing_branches": [
            [
              38,
              39
            ],
            [
              38,
              40
            ]
          ],
          "missing_lines": [
            37,
            38,
            39,
            40,
            42,
            43,
            44,
            46
          ],
          "start_line": 35,
          "summary": {
            "covered_branches": 0,
            "covered_lines": 0,
            "excluded_lines": 0,
            "missing_branches": 2,
            "missing_lines": 8,
            "num_branches": 2,
            "num_partial_branches": 0,
            "num_statements": 8,
            "percent_branches_covered": 0.0,
            "percent_branches_covered_display": "0",
            "percent_covered": 0.0,
            "percent_covered_display": "0",
            "percent_statements_covered": 0.0,
            "percent_statements_covered_display": "0"
          }
        },
        "ServerManager.start_server": {
          "excluded_lines": [],
          "executed_branches": [],
          "executed_lines": [],
          "missing_branches": [
            [
              50,
              51
            ],
            [
              50,
              55
            ]
          ],
          "missing_lines": [
            50,
            51,
            52,
            55,
            56,
            57,
            58,
            59,
            62,
            69,
            72,
            73,
            74,
            77,
            78,
            79,
            80
          ],
          "start_line": 48,
          "summary": {
            "covered_branches": 0,
            "covered_lines": 0,
            "excluded_lines": 0,
            "missing_branches": 2,
            "missing_lines": 17,
            "num_branches": 2,
            "num_partial_branches": 0,
            "num_statements": 17,
            "percent_branches_covered": 0.0,
            "percent_branches_covered_display": "0",
            "percent_covered": 0.0,
            "percent_covered_display": "0",
            "percent_statements_covered": 0.0,
            "percent_statements_covered_display": "0"
          }
        },
        "ServerManager.stop_server": {
          "excluded_lines": [],
          "executed_branches": [],
          "executed_lines": [],
          "missing_branches": [
            [
              85,
              86
            ],
            [
              85,
              89
            ],
            [
              96,
              97
            ],
            [
              96,
              98
            ]
          ],
          "missing_lines": [
            84,
            85,
            86,
            87,
            89,
            91,
            92,
            94,
            96,
            97,
            98
          ],
          "start_line": 82,
          "summary": {
            "covered_branches": 0,
            "covered_lines": 0,
            "excluded_lines": 0,
            "missing_branches": 4,
            "missing_lines": 11,
            "num_branches": 4,
            "num_partial_branches": 0,
            "num_statements": 11,
            "percent_branches_covered": 0.0,
            "percent_branches_covered_display": "0",
            "percent_covered": 0.0,
            "percent_covered_display": "0",
            "percent_statements_covered": 0.0,
            "percent_statements_covered_display": "0"
          }
        }
      },
      "missing_branches": [
        [
          27,
          28
        ],
        [
          27,
          29
        ],
        [
          38,
          39
        ],
        [
          38,
          40
        ],
        [
          50,
          51
        ],
        [
          50,
          55
        ],
        [
          85,
          86
        ],
        [
          85,
          89
        ],
        [
          96,
          97
        ],
        [
          96,
          98
        ],
        [
          103,
          104
        ],
        [
          103,
          106
        ]
      ],
      "missing_lines": [
        3,
        4,
        5,
        6,
        7,
        8,
        9,
        11,
        14,
        17,
        18,
        19,
        20,
        22,
        27,
        28,
        29,
        30,
        31,
        32,
        33,
        35,
        37,
        38,
        39,
        40,
        42,
        43,
        44,
        46,
        48,
        50,
        51,
        52,
        55,
        56,
        57,
        58,
        59,
        62,
        69,
        72,
        73,
        74,
        77,
        78,
        79,
        80,
        82,
        84,
        85,
        86,
        87,
        89,
        91,
        92,
        94,
        96,
        97,
        98,
        100,
        102,
        103,
        104,
        106
      ],
      "summary": {
        "covered_branches": 0,
        "covered_lines": 0,
        "excluded_lines": 0,
        "missing_branches": 12,
        "missing_lines": 65,
        "num_branches": 12,
        "num_partial_branches": 0,
        "num_statements": 65,
        "percent_branches_covered": 0.0,
        "percent_branches_covered_display": "0",
        "percent_covered": 0.0,
        "percent_covered_display": "0",
        "percent_statements_covered": 0.0,
        "percent_statements_covered_display": "0"
      }
    }
  },
  "meta": {
    "branch_coverage": true,
    "format": 3,
    "show_contexts": false,
    "timestamp": "2026-02-22T01:57:58.895845",
    "version": "7.13.4"
  },
  "totals": {
    "covered_branches": 0,
    "covered_lines": 320,
    "excluded_lines": 51,
    "missing_branches": 150,
    "missing_lines": 808,
    "num_branches": 150,
    "num_partial_branches": 0,
    "num_statements": 1128,
    "percent_branches_covered": 0.0,
    "percent_branches_covered_display": "0",
    "percent_covered": 25.039123630672925,
    "percent_covered_display": "25",
    "percent_statements_covered": 28.368794326241133,
    "percent_statements_covered_display": "28"
  }
}
